mode: set
OrmGo/controllers/blog.go:15.66,17.2 1 1
OrmGo/controllers/blog.go:19.52,21.36 1 1
OrmGo/controllers/blog.go:21.36,24.17 2 1
OrmGo/controllers/blog.go:24.17,26.4 1 0
OrmGo/controllers/blog.go:28.3,31.5 1 1
OrmGo/controllers/blog.go:35.51,36.36 1 1
OrmGo/controllers/blog.go:36.36,39.17 3 1
OrmGo/controllers/blog.go:39.17,41.4 1 0
OrmGo/controllers/blog.go:43.3,45.17 2 1
OrmGo/controllers/blog.go:45.17,47.4 1 0
OrmGo/controllers/blog.go:49.3,52.5 1 1
OrmGo/controllers/blog.go:56.53,57.36 1 1
OrmGo/controllers/blog.go:57.36,62.17 4 1
OrmGo/controllers/blog.go:62.17,64.4 1 0
OrmGo/controllers/blog.go:66.3,69.5 1 1
OrmGo/controllers/blog.go:73.53,74.36 1 1
OrmGo/controllers/blog.go:74.36,79.17 4 1
OrmGo/controllers/blog.go:79.17,83.4 1 0
OrmGo/controllers/blog.go:85.3,85.46 1 1
OrmGo/controllers/blog.go:85.46,88.4 1 0
OrmGo/controllers/blog.go:90.3,91.17 2 1
OrmGo/controllers/blog.go:91.17,93.4 1 0
OrmGo/controllers/blog.go:95.3,98.5 1 1
OrmGo/controllers/blog.go:102.53,103.36 1 1
OrmGo/controllers/blog.go:103.36,108.17 4 1
OrmGo/controllers/blog.go:108.17,112.4 1 0
OrmGo/controllers/blog.go:114.3,115.17 2 1
OrmGo/controllers/blog.go:115.17,117.4 1 0
OrmGo/controllers/blog.go:119.3,122.5 1 1
OrmGo/controllers/books.go:15.67,17.2 1 1
OrmGo/controllers/books.go:19.52,20.36 1 1
OrmGo/controllers/books.go:20.36,23.17 2 1
OrmGo/controllers/books.go:23.17,25.4 1 0
OrmGo/controllers/books.go:27.3,30.5 1 1
OrmGo/controllers/books.go:34.51,35.36 1 1
OrmGo/controllers/books.go:35.36,38.17 3 1
OrmGo/controllers/books.go:38.17,40.4 1 0
OrmGo/controllers/books.go:42.3,44.17 2 1
OrmGo/controllers/books.go:44.17,46.4 1 0
OrmGo/controllers/books.go:48.3,51.5 1 1
OrmGo/controllers/books.go:55.53,56.36 1 1
OrmGo/controllers/books.go:56.36,61.17 4 1
OrmGo/controllers/books.go:61.17,63.4 1 0
OrmGo/controllers/books.go:65.3,68.5 1 1
OrmGo/controllers/books.go:72.53,73.36 1 1
OrmGo/controllers/books.go:73.36,78.17 4 1
OrmGo/controllers/books.go:78.17,82.4 1 0
OrmGo/controllers/books.go:84.3,84.46 1 1
OrmGo/controllers/books.go:84.46,87.4 1 0
OrmGo/controllers/books.go:89.3,90.17 2 1
OrmGo/controllers/books.go:90.17,92.4 1 0
OrmGo/controllers/books.go:94.3,97.5 1 1
OrmGo/controllers/books.go:101.53,102.36 1 1
OrmGo/controllers/books.go:102.36,107.17 4 1
OrmGo/controllers/books.go:107.17,111.4 1 0
OrmGo/controllers/books.go:113.3,114.17 2 1
OrmGo/controllers/books.go:114.17,116.4 1 0
OrmGo/controllers/books.go:118.3,121.5 1 1
OrmGo/controllers/users.go:18.91,21.2 2 1
OrmGo/controllers/users.go:23.52,24.36 1 1
OrmGo/controllers/users.go:24.36,27.17 2 1
OrmGo/controllers/users.go:27.17,29.4 1 0
OrmGo/controllers/users.go:31.3,34.5 1 1
OrmGo/controllers/users.go:38.51,39.36 1 1
OrmGo/controllers/users.go:39.36,42.17 3 1
OrmGo/controllers/users.go:42.17,44.4 1 0
OrmGo/controllers/users.go:46.3,48.17 2 1
OrmGo/controllers/users.go:48.17,50.4 1 0
OrmGo/controllers/users.go:52.3,55.5 1 1
OrmGo/controllers/users.go:59.53,60.36 1 1
OrmGo/controllers/users.go:60.36,65.17 4 1
OrmGo/controllers/users.go:65.17,67.4 1 0
OrmGo/controllers/users.go:69.3,72.5 1 1
OrmGo/controllers/users.go:76.53,77.36 1 1
OrmGo/controllers/users.go:77.36,82.17 4 1
OrmGo/controllers/users.go:82.17,86.4 1 0
OrmGo/controllers/users.go:88.3,88.46 1 1
OrmGo/controllers/users.go:88.46,91.4 1 0
OrmGo/controllers/users.go:93.3,94.17 2 1
OrmGo/controllers/users.go:94.17,96.4 1 0
OrmGo/controllers/users.go:98.3,101.5 1 1
OrmGo/controllers/users.go:105.53,106.36 1 1
OrmGo/controllers/users.go:106.36,111.17 4 1
OrmGo/controllers/users.go:111.17,115.4 1 0
OrmGo/controllers/users.go:118.3,119.17 2 1
OrmGo/controllers/users.go:119.17,121.4 1 0
OrmGo/controllers/users.go:123.3,126.5 1 1
OrmGo/controllers/users.go:130.52,131.36 1 1
OrmGo/controllers/users.go:131.36,137.38 2 1
OrmGo/controllers/users.go:137.38,141.4 1 1
OrmGo/controllers/users.go:143.3,144.50 2 1
OrmGo/controllers/users.go:144.50,148.4 1 1
OrmGo/controllers/users.go:150.3,151.17 2 1
OrmGo/controllers/users.go:151.17,155.4 1 0
OrmGo/controllers/users.go:157.3,158.17 2 1
OrmGo/controllers/users.go:158.17,162.4 1 0
OrmGo/controllers/users.go:164.3,167.5 1 1
